<?xml version="1.0" encoding="UTF-8"?>
<!-- Generated by org.testng.reporters.JUnitReportReporter -->
<testsuite hostname="LAPTOP-C8VOQEGC" failures="0" tests="4" name="com.hrms.lib.General" time="6.981" errors="0" timestamp="17 Jul 2022 03:11:46 GMT">
  <testcase classname="com.hrms.lib.General" name="switchDefault" time="0.012"/>
  <testcase classname="com.hrms.lib.General" name="switchFrame" time="0.236"/>
  <testcase classname="com.hrms.lib.General" name="logoutApplication" time="0.064"/>
  <testcase classname="com.hrms.lib.General" name="addEmployee" time="6.669"/>
</testsuite> <!-- com.hrms.lib.General -->
