<?xml version="1.0" encoding="UTF-8"?>
<!-- Generated by org.testng.reporters.JUnitReportReporter -->
<testsuite hostname="LAPTOP-C8VOQEGC" failures="0" tests="2" name="testngExamples.Exp_Testing" time="0.014" errors="0" timestamp="14 Jul 2022 23:30:16 GMT">
  <testcase classname="testngExamples.Exp_Testing" name="logout" time="0.001"/>
  <testcase classname="testngExamples.Exp_Testing" name="login" time="0.013"/>
</testsuite> <!-- testngExamples.Exp_Testing -->
