<?xml version="1.0" encoding="UTF-8"?>
<!-- Generated by org.testng.reporters.JUnitReportReporter -->
<testsuite hostname="LAPTOP-C8VOQEGC" failures="0" tests="1" name="com.hrms.testscripts.TC002_editEmployee" time="48.317" errors="0" timestamp="19 Jul 2022 01:48:15 GMT">
  <testcase classname="com.hrms.testscripts.TC002_editEmployee" name="tc002" time="48.317"/>
</testsuite> <!-- com.hrms.testscripts.TC002_editEmployee -->
